2025-12-22 13:07:57 - StockClustering - INFO - main:53 - Data Collect : False
2025-12-22 13:07:57 - StockClustering - INFO - main:54 - Target Index : kosdaq
2025-12-22 13:07:57 - StockClustering - INFO - main:55 - Start Day    : 2000-01-01
2025-12-22 13:07:57 - StockClustering - INFO - main:56 - End Day      : 2025-12-22
2025-12-22 13:08:34 - StockClustering - INFO - main:53 - Data Collect : False
2025-12-22 13:08:34 - StockClustering - INFO - main:54 - Target Index : kosdaq
2025-12-22 13:08:34 - StockClustering - INFO - main:55 - Start Day    : 2000-01-01
2025-12-22 13:08:34 - StockClustering - INFO - main:56 - End Day      : 2025-12-22
2025-12-22 13:08:34 - StockClustering - ERROR - main:85 - Fatal error: name 'LoadData' is not defined
Traceback (most recent call last):
  File "D:\ai-quant\Project_1\youngsig\main.py", line 67, in main
    df = LoadData(StockList)
         ^^^^^^^^
NameError: name 'LoadData' is not defined
2025-12-22 13:12:08 - StockClustering - INFO - main:53 - Data Collect : False
2025-12-22 13:12:08 - StockClustering - INFO - main:54 - Target Index : kosdaq
2025-12-22 13:12:08 - StockClustering - INFO - main:55 - Start Day    : 2000-01-01
2025-12-22 13:12:08 - StockClustering - INFO - main:56 - End Day      : 2025-12-22
2025-12-22 13:12:08 - StockClustering - INFO - main:67 - Start loading data from collected already
2025-12-22 13:12:08 - StockClustering - INFO - main:69 - End   loading data
2025-12-22 13:12:08 - StockClustering - INFO - main:71 - Start KMeans clustering
2025-12-22 13:12:08 - StockClustering - INFO - main:74 - End   KMeans clustering
2025-12-22 13:12:08 - StockClustering - INFO - main:76 - Start GMM clustering
2025-12-22 13:12:08 - StockClustering - INFO - main:79 - End   GMM clustering
2025-12-22 13:12:08 - StockClustering - INFO - main:81 - Start HDBScan clustering
2025-12-22 13:12:08 - StockClustering - INFO - main:84 - End   HDBScan clustering
2025-12-22 13:12:08 - StockClustering - INFO - main:86 - Gather and Summurize report
2025-12-22 13:12:56 - StockClustering - INFO - main:53 - Args : Data Collect - False
2025-12-22 13:12:56 - StockClustering - INFO - main:54 - Args : Target Index - kosdaq
2025-12-22 13:12:56 - StockClustering - INFO - main:55 - Args : Start Day    - 2000-01-01
2025-12-22 13:12:56 - StockClustering - INFO - main:56 - Args : End Day      - 2025-12-22
2025-12-22 13:12:56 - StockClustering - INFO - main:67 - Start loading data from collected already
2025-12-22 13:12:56 - StockClustering - INFO - main:69 - End   loading data
2025-12-22 13:12:56 - StockClustering - INFO - main:71 - Start KMeans clustering
2025-12-22 13:12:56 - StockClustering - INFO - main:74 - End   KMeans clustering
2025-12-22 13:12:56 - StockClustering - INFO - main:76 - Start GMM clustering
2025-12-22 13:12:56 - StockClustering - INFO - main:79 - End   GMM clustering
2025-12-22 13:12:56 - StockClustering - INFO - main:81 - Start HDBScan clustering
2025-12-22 13:12:56 - StockClustering - INFO - main:84 - End   HDBScan clustering
2025-12-22 13:12:56 - StockClustering - INFO - main:86 - Gather and Summurize report
2025-12-22 13:13:23 - StockClustering - INFO - main:53 - Args Data Collect : False
2025-12-22 13:13:23 - StockClustering - INFO - main:54 - Args Target Index : kosdaq
2025-12-22 13:13:23 - StockClustering - INFO - main:55 - Args Start Day    : 2000-01-01
2025-12-22 13:13:23 - StockClustering - INFO - main:56 - Args End Day      : 2025-12-22
2025-12-22 13:13:23 - StockClustering - INFO - main:67 - Start loading data from collected already
2025-12-22 13:13:23 - StockClustering - INFO - main:69 - End   loading data
2025-12-22 13:13:23 - StockClustering - INFO - main:71 - Start KMeans clustering
2025-12-22 13:13:23 - StockClustering - INFO - main:74 - End   KMeans clustering
2025-12-22 13:13:23 - StockClustering - INFO - main:76 - Start GMM clustering
2025-12-22 13:13:23 - StockClustering - INFO - main:79 - End   GMM clustering
2025-12-22 13:13:23 - StockClustering - INFO - main:81 - Start HDBScan clustering
2025-12-22 13:13:23 - StockClustering - INFO - main:84 - End   HDBScan clustering
2025-12-22 13:13:23 - StockClustering - INFO - main:86 - Gather and Summurize report
